===================================================================================
SLURM Job ID:            11956892
Submit time:             Thu Mar 27 12:01:38 GMT 2025 (Unix Epoch time: 1743076898)
Start time:              Thu Mar 27 12:01:55 GMT 2025 (Unix Epoch time: 1743076915)
No. nodes:               2
No. tasks:               16
Job name:                Task3
Account:                 teaching
QoS:                     teaching
Partition (queue):       teaching
Submit directory:        /users/qnb20123/PH510/PH510/Task_3
Script name:             /users/qnb20123/PH510/PH510/Task_3/Task3.sh
Master node:             wee11
Nodes used:              wee[11-12]
Task distribution:       
===================================================================================

************* Module task3_code
task3_code.py:127:0: C0301: Line too long (150/100) (line-too-long)
task3_code.py:136:0: C0303: Trailing whitespace (trailing-whitespace)
task3_code.py:89:4: R0914: Too many local variables (18/15) (too-many-locals)
task3_code.py:132:12: W0101: Unreachable code (unreachable)

------------------------------------------------------------------
Your code has been rated at 9.26/10 (previous run: 9.26/10, +0.00)

Start calculation for volume of hyperspaces:
Estimated volume in 2D: 3.141216 error: 0.001642
Estimated volume in 3D: 4.186160 error: 0.003996
Estimated volume in 4D: 4.927328 error: 0.007386
Estimated volume in 5D: 5.262880 error: 0.011862
Total time for N-ball Volume: 5.514769 seconds
Dimensions: 1, Sigma: 0.5, x0: 0
Integral: 1.000339, Mean: -0.000136, Variance: 0.249563, Error: 0.000500

Dimensions: 1, Sigma: 0.5, x0: 3
Integral: 0.999376, Mean: 2.998543, Variance: 0.250561, Error: 0.000501

Dimensions: 1, Sigma: 2, x0: 0
Integral: 0.997839, Mean: -0.001783, Variance: 3.994731, Error: 0.001999

Dimensions: 1, Sigma: 2, x0: 3
Integral: 0.999624, Mean: 3.002185, Variance: 4.009989, Error: 0.002002

Dimensions: 6, Sigma: 0.5, x0: 0
Integral: 0.974127, Mean: 0.051701, Variance: 0.245187, Error: 0.000495

Dimensions: 6, Sigma: 0.5, x0: 3
Integral: 1.354676, Mean: 2.951559, Variance: 0.218021, Error: 0.000467

Dimensions: 6, Sigma: 2, x0: 0
Integral: 0.973683, Mean: -0.177890, Variance: 3.642684, Error: 0.001909

Dimensions: 6, Sigma: 2, x0: 3
Integral: 0.929745, Mean: 3.069337, Variance: 4.375741, Error: 0.002092

Total time for Gaussian: 0.083245 seconds
===================================================================================
SLURM job 11956892 ended:     Thu Mar 27 12:02:07 GMT 2025 (Unix Epoch time: 1743076927)
This is an estimated end time using the 'date' command from node wee11.hpc.strath.ac.uk
For accurate timings, use 'sacct -j 11956892 -X --format=Submit,Start,End,Elapsed'
======================================================================================
