===================================================================================
SLURM Job ID:            11956976
Submit time:             Thu Mar 27 14:40:27 GMT 2025 (Unix Epoch time: 1743086427)
Start time:              Thu Mar 27 14:40:51 GMT 2025 (Unix Epoch time: 1743086451)
No. nodes:               1
No. tasks:               1
Job name:                Task3
Account:                 teaching
QoS:                     teaching
Partition (queue):       teaching
Submit directory:        /users/qnb20123/PH510/PH510/Task_3
Script name:             /users/qnb20123/PH510/PH510/Task_3/Task3.sh
Master node:             wee14
Nodes used:              wee14
Task distribution:       
===================================================================================

************* Module task3_code
task3_code.py:87:4: R0914: Too many local variables (18/15) (too-many-locals)

------------------------------------------------------------------
Your code has been rated at 9.80/10 (previous run: 9.80/10, +0.00)

Start calculation for volume of hyperspaces:
Estimated volume in 2D: 3.140972 error: 0.001643
Estimated volume in 3D: 4.187576 error: 0.003996
Estimated volume in 4D: 4.921168 error: 0.007384
Estimated volume in 5D: 5.291136 error: 0.011888
Total time for N-ball Volume: 75.635511 seconds

Dimensions: 1, Sigma: 0.5, x0: 0
Integral: 0.999503 error: 0.000499
Mean: -0.000117, Variance: 0.249176

Dimensions: 1, Sigma: 0.5, x0: 3
Integral: 1.000649 error: 0.000499
Mean: 3.000549, Variance: 0.249455

Dimensions: 1, Sigma: 2, x0: 0
Integral: 0.999964 error: 0.002001
Mean: 0.000446, Variance: 4.002241

Dimensions: 1, Sigma: 2, x0: 3
Integral: 0.999444 error: 0.001999
Mean: 3.001298, Variance: 3.996879

Dimensions: 6, Sigma: 0.5, x0: 0
Integral: 1.177790 error: 0.000474
Mean: -0.026045, Variance: 0.224744

Dimensions: 6, Sigma: 0.5, x0: 3
Integral: 1.082070 error: 0.000492
Mean: 2.975220, Variance: 0.241889

Dimensions: 6, Sigma: 2, x0: 0
Integral: 0.848701 error: 0.002098
Mean: -0.114759, Variance: 4.401728

Dimensions: 6, Sigma: 2, x0: 3
Integral: 0.731949 error: 0.002167
Mean: 2.992744, Variance: 4.694208

Total time for Gaussian: 1.101578 seconds
===================================================================================
SLURM job 11956976 ended:     Thu Mar 27 14:42:15 GMT 2025 (Unix Epoch time: 1743086535)
This is an estimated end time using the 'date' command from node wee14.hpc.strath.ac.uk
For accurate timings, use 'sacct -j 11956976 -X --format=Submit,Start,End,Elapsed'
======================================================================================
slurmstepd: error: Pid 2730990 is still in the freezer job cgroup.  It might be left uncleaned after the job.
