===================================================================================
SLURM Job ID:            11956997
Submit time:             Thu Mar 27 15:10:23 GMT 2025 (Unix Epoch time: 1743088223)
Start time:              Thu Mar 27 15:10:51 GMT 2025 (Unix Epoch time: 1743088251)
No. nodes:               1
No. tasks:               8
Job name:                Task3
Account:                 teaching
QoS:                     teaching
Partition (queue):       teaching
Submit directory:        /users/qnb20123/PH510/PH510/Task_3
Script name:             /users/qnb20123/PH510/PH510/Task_3/Task3.sh
Master node:             wee14
Nodes used:              wee14
Task distribution:       
===================================================================================

************* Module task3_code
task3_code.py:87:4: R0914: Too many local variables (18/15) (too-many-locals)

------------------------------------------------------------------
Your code has been rated at 9.80/10 (previous run: 9.80/10, +0.00)

Start calculation for volume of hyperspaces:
Estimated volume in 2D: 3.140532 error: 0.001643
Estimated volume in 3D: 4.182896 error: 0.003996
Estimated volume in 4D: 4.932128 error: 0.007388
Estimated volume in 5D: 5.265280 error: 0.011864
Total time for N-ball Volume: 11.034639 seconds

Dimensions: 1, Sigma: 0.5, x0: 0
Integral: 1.000227 error: 0.000499
Mean: 0.000204, Variance: 0.249408

Dimensions: 1, Sigma: 0.5, x0: 3
Integral: 0.997761 error: 0.000500
Mean: 3.000029, Variance: 0.249905

Dimensions: 1, Sigma: 2, x0: 0
Integral: 0.999223 error: 0.002000
Mean: -0.001142, Variance: 4.000622

Dimensions: 1, Sigma: 2, x0: 3
Integral: 0.999857 error: 0.001999
Mean: 3.000343, Variance: 3.996012

Dimensions: 6, Sigma: 0.5, x0: 0
Integral: 0.903305 error: 0.000488
Mean: 0.010038, Variance: 0.238032

Dimensions: 6, Sigma: 0.5, x0: 3
Integral: 1.220213 error: 0.000460
Mean: 2.972837, Variance: 0.211160

Dimensions: 6, Sigma: 2, x0: 0
Integral: 0.915903 error: 0.001925
Mean: 0.119128, Variance: 3.706672

Dimensions: 6, Sigma: 2, x0: 3
Integral: 0.904868 error: 0.001994
Mean: 3.043200, Variance: 3.976591

Total time for Gaussian: 0.169821 seconds
===================================================================================
SLURM job 11956997 ended:     Thu Mar 27 15:11:07 GMT 2025 (Unix Epoch time: 1743088267)
This is an estimated end time using the 'date' command from node wee14.hpc.strath.ac.uk
For accurate timings, use 'sacct -j 11956997 -X --format=Submit,Start,End,Elapsed'
======================================================================================
