===================================================================================
SLURM Job ID:            11956996
Submit time:             Thu Mar 27 15:07:49 GMT 2025 (Unix Epoch time: 1743088069)
Start time:              Thu Mar 27 15:07:51 GMT 2025 (Unix Epoch time: 1743088071)
No. nodes:               1
No. tasks:               6
Job name:                Task3
Account:                 teaching
QoS:                     teaching
Partition (queue):       teaching
Submit directory:        /users/qnb20123/PH510/PH510/Task_3
Script name:             /users/qnb20123/PH510/PH510/Task_3/Task3.sh
Master node:             wee14
Nodes used:              wee14
Task distribution:       
===================================================================================

************* Module task3_code
task3_code.py:87:4: R0914: Too many local variables (18/15) (too-many-locals)

------------------------------------------------------------------
Your code has been rated at 9.80/10 (previous run: 9.80/10, +0.00)

Start calculation for volume of hyperspaces:
Estimated volume in 2D: 3.140252 error: 0.001643
Estimated volume in 3D: 4.185128 error: 0.003996
Estimated volume in 4D: 4.934080 error: 0.007389
Estimated volume in 5D: 5.274144 error: 0.011872
Total time for N-ball Volume: 14.085080 seconds

Dimensions: 1, Sigma: 0.5, x0: 0
Integral: 1.003160 error: 0.000499
Mean: 0.000222, Variance: 0.248944

Dimensions: 1, Sigma: 0.5, x0: 3
Integral: 0.999017 error: 0.000500
Mean: 3.000654, Variance: 0.249612

Dimensions: 1, Sigma: 2, x0: 0
Integral: 0.998089 error: 0.002000
Mean: 0.003263, Variance: 4.001363

Dimensions: 1, Sigma: 2, x0: 3
Integral: 0.999694 error: 0.001999
Mean: 3.006038, Variance: 3.994837

Dimensions: 6, Sigma: 0.5, x0: 0
Integral: 0.868026 error: 0.000511
Mean: -0.023314, Variance: 0.261550

Dimensions: 6, Sigma: 0.5, x0: 3
Integral: 0.770139 error: 0.000530
Mean: 3.006776, Variance: 0.281086

Dimensions: 6, Sigma: 2, x0: 0
Integral: 1.200162 error: 0.001924
Mean: 0.032159, Variance: 3.702415

Dimensions: 6, Sigma: 2, x0: 3
Integral: 0.926601 error: 0.001986
Mean: 2.885385, Variance: 3.945167

Total time for Gaussian: 0.212672 seconds
===================================================================================
SLURM job 11956996 ended:     Thu Mar 27 15:08:12 GMT 2025 (Unix Epoch time: 1743088092)
This is an estimated end time using the 'date' command from node wee14.hpc.strath.ac.uk
For accurate timings, use 'sacct -j 11956996 -X --format=Submit,Start,End,Elapsed'
======================================================================================
