===================================================================================
SLURM Job ID:            11956999
Submit time:             Thu Mar 27 15:14:29 GMT 2025 (Unix Epoch time: 1743088469)
Start time:              Thu Mar 27 15:14:51 GMT 2025 (Unix Epoch time: 1743088491)
No. nodes:               1
No. tasks:               10
Job name:                Task3
Account:                 teaching
QoS:                     teaching
Partition (queue):       teaching
Submit directory:        /users/qnb20123/PH510/PH510/Task_3
Script name:             /users/qnb20123/PH510/PH510/Task_3/Task3.sh
Master node:             wee14
Nodes used:              wee14
Task distribution:       
===================================================================================

************* Module task3_code
task3_code.py:87:4: R0914: Too many local variables (18/15) (too-many-locals)

------------------------------------------------------------------
Your code has been rated at 9.80/10 (previous run: 9.80/10, +0.00)

Start calculation for volume of hyperspaces:
Estimated volume in 2D: 3.139944 error: 0.001643
Estimated volume in 3D: 4.182304 error: 0.003996
Estimated volume in 4D: 4.925184 error: 0.007385
Estimated volume in 5D: 5.264960 error: 0.011864
Total time for N-ball Volume: 8.551920 seconds

Dimensions: 1, Sigma: 0.5, x0: 0
Integral: 1.002266 error: 0.000499
Mean: 0.000016, Variance: 0.249113

Dimensions: 1, Sigma: 0.5, x0: 3
Integral: 0.999187 error: 0.000500
Mean: 2.999312, Variance: 0.250005

Dimensions: 1, Sigma: 2, x0: 0
Integral: 0.999569 error: 0.001998
Mean: 0.001098, Variance: 3.991929

Dimensions: 1, Sigma: 2, x0: 3
Integral: 0.998307 error: 0.002001
Mean: 2.997396, Variance: 4.004065

Dimensions: 6, Sigma: 0.5, x0: 0
Integral: 1.007784 error: 0.000495
Mean: 0.029149, Variance: 0.245350

Dimensions: 6, Sigma: 0.5, x0: 3
Integral: 1.219537 error: 0.000453
Mean: 2.947233, Variance: 0.205362

Dimensions: 6, Sigma: 2, x0: 0
Integral: 0.919162 error: 0.002016
Mean: -0.057043, Variance: 4.065896

Dimensions: 6, Sigma: 2, x0: 3
Integral: 0.955287 error: 0.002006
Mean: 3.065158, Variance: 4.023129

Total time for Gaussian: 0.138716 seconds
===================================================================================
SLURM job 11956999 ended:     Thu Mar 27 15:15:06 GMT 2025 (Unix Epoch time: 1743088506)
This is an estimated end time using the 'date' command from node wee14.hpc.strath.ac.uk
For accurate timings, use 'sacct -j 11956999 -X --format=Submit,Start,End,Elapsed'
======================================================================================
