===================================================================================
SLURM Job ID:            11957002
Submit time:             Thu Mar 27 15:18:12 GMT 2025 (Unix Epoch time: 1743088692)
Start time:              Thu Mar 27 15:18:12 GMT 2025 (Unix Epoch time: 1743088692)
No. nodes:               1
No. tasks:               14
Job name:                Task3
Account:                 teaching
QoS:                     teaching
Partition (queue):       teaching
Submit directory:        /users/qnb20123/PH510/PH510/Task_3
Script name:             /users/qnb20123/PH510/PH510/Task_3/Task3.sh
Master node:             wee14
Nodes used:              wee14
Task distribution:       
===================================================================================

************* Module task3_code
task3_code.py:87:4: R0914: Too many local variables (18/15) (too-many-locals)

------------------------------------------------------------------
Your code has been rated at 9.80/10 (previous run: 9.80/10, +0.00)

Start calculation for volume of hyperspaces:
Estimated volume in 2D: 3.140952 error: 0.001643
Estimated volume in 3D: 4.187960 error: 0.003996
Estimated volume in 4D: 4.923504 error: 0.007385
Estimated volume in 5D: 5.252544 error: 0.011853
Total time for N-ball Volume: 6.434205 seconds

Dimensions: 1, Sigma: 0.5, x0: 0
Integral: 1.000325 error: 0.000500
Mean: -0.000121, Variance: 0.249583

Dimensions: 1, Sigma: 0.5, x0: 3
Integral: 0.996563 error: 0.000501
Mean: 2.999022, Variance: 0.250709

Dimensions: 1, Sigma: 2, x0: 0
Integral: 0.996696 error: 0.001998
Mean: -0.002047, Variance: 3.992398

Dimensions: 1, Sigma: 2, x0: 3
Integral: 1.000297 error: 0.001999
Mean: 3.000830, Variance: 3.994715

Dimensions: 6, Sigma: 0.5, x0: 0
Integral: 1.247722 error: 0.000472
Mean: 0.024120, Variance: 0.222350

Dimensions: 6, Sigma: 0.5, x0: 3
Integral: 1.110884 error: 0.000496
Mean: 2.970787, Variance: 0.246085

Dimensions: 6, Sigma: 2, x0: 0
Integral: 1.012431 error: 0.001927
Mean: -0.178973, Variance: 3.714396

Dimensions: 6, Sigma: 2, x0: 3
Integral: 1.372699 error: 0.001816
Mean: 2.950024, Variance: 3.298923

Total time for Gaussian: 0.101395 seconds
===================================================================================
SLURM job 11957002 ended:     Thu Mar 27 15:18:24 GMT 2025 (Unix Epoch time: 1743088704)
This is an estimated end time using the 'date' command from node wee14.hpc.strath.ac.uk
For accurate timings, use 'sacct -j 11957002 -X --format=Submit,Start,End,Elapsed'
======================================================================================
